<?xml version="1.0" encoding="UTF-8"?>
<!-- Generated by org.testng.reporters.JUnitReportReporter -->
<testsuite hostname="DESKTOP-9HQMH47" failures="0" tests="1" name="Amazonpractice.Tc1" time="46.767" errors="0" timestamp="2024-06-01T12:18:49 IST" skipped="0">
  <testcase classname="Amazonpractice.Tc1" name="Login_Search_Logout" time="46.767"/>
</testsuite> <!-- Amazonpractice.Tc1 -->
