<?xml version="1.0" encoding="UTF-8"?>
<!-- Generated by org.testng.reporters.JUnitReportReporter -->
<testsuite hostname="DESKTOP-9HQMH47" failures="0" tests="1" name="TestNg_Class.Class6" time="0.004" errors="0" timestamp="2024-05-25T18:53:26 IST" skipped="0">
  <testcase classname="TestNg_Class.Class6" name="Test" time="0.004"/>
</testsuite> <!-- TestNg_Class.Class6 -->
