<?xml version="1.0" encoding="UTF-8"?>
<!-- Generated by org.testng.reporters.JUnitReportReporter -->
<testsuite hostname="DESKTOP-9HQMH47" failures="0" tests="5" name="TestNg_Assignment.citizes" time="38.553" errors="0" timestamp="2024-06-11T07:37:26 IST" skipped="0">
  <testcase classname="TestNg_Assignment.citizes" name="method1" time="7.042"/>
  <testcase classname="TestNg_Assignment.citizes" name="method1" time="7.238"/>
  <testcase classname="TestNg_Assignment.citizes" name="method1" time="8.037"/>
  <testcase classname="TestNg_Assignment.citizes" name="method1" time="9.672"/>
  <testcase classname="TestNg_Assignment.citizes" name="method1" time="6.564"/>
</testsuite> <!-- TestNg_Assignment.citizes -->
