<?xml version="1.0" encoding="UTF-8"?>
<!-- Generated by org.testng.reporters.JUnitReportReporter -->
<testsuite hostname="DESKTOP-9HQMH47" failures="0" tests="14" name="TestNg_Assignment.Assignment_142" time="0.143" errors="0" timestamp="2024-05-27T22:46:37 IST" skipped="0">
  <testcase classname="TestNg_Assignment.Assignment_142" name="Logout" time="0.007"/>
  <testcase classname="TestNg_Assignment.Assignment_142" name="Logout" time="0.007"/>
  <testcase classname="TestNg_Assignment.Assignment_142" name="Logout" time="0.010"/>
  <testcase classname="TestNg_Assignment.Assignment_142" name="Search" time="0.011"/>
  <testcase classname="TestNg_Assignment.Assignment_142" name="Logout" time="0.011"/>
  <testcase classname="TestNg_Assignment.Assignment_142" name="Logout" time="0.006"/>
  <testcase classname="TestNg_Assignment.Assignment_142" name="Logout" time="0.006"/>
  <testcase classname="TestNg_Assignment.Assignment_142" name="Logout" time="0.027"/>
  <testcase classname="TestNg_Assignment.Assignment_142" name="Login" time="0.014"/>
  <testcase classname="TestNg_Assignment.Assignment_142" name="Logout" time="0.007"/>
  <testcase classname="TestNg_Assignment.Assignment_142" name="Logout" time="0.010"/>
  <testcase classname="TestNg_Assignment.Assignment_142" name="Logout" time="0.006"/>
  <testcase classname="TestNg_Assignment.Assignment_142" name="Logout" time="0.005"/>
  <testcase classname="TestNg_Assignment.Assignment_142" name="Wishlist" time="0.016"/>
</testsuite> <!-- TestNg_Assignment.Assignment_142 -->
