<?xml version="1.0" encoding="UTF-8"?>
<!-- Generated by org.testng.reporters.JUnitReportReporter -->
<testsuite hostname="DESKTOP-9HQMH47" failures="0" tests="1" name="TestNg_Class.Screenshot" time="5.631" errors="0" timestamp="2024-07-08T20:31:44 IST" skipped="0">
  <testcase classname="TestNg_Class.Screenshot" name="screen" time="5.631"/>
</testsuite> <!-- TestNg_Class.Screenshot -->
