<?xml version="1.0" encoding="UTF-8"?>
<!-- Generated by org.testng.reporters.JUnitReportReporter -->
<testsuite hostname="DESKTOP-9HQMH47" failures="0" tests="1" name="IRetry_Con.TestCase_1" time="37.515" errors="0" timestamp="2024-07-05T23:02:39 IST" skipped="0">
  <testcase classname="IRetry_Con.TestCase_1" name="login_Amazon" time="37.515"/>
</testsuite> <!-- IRetry_Con.TestCase_1 -->
