<?xml version="1.0" encoding="UTF-8"?>
<!-- Generated by org.testng.reporters.JUnitReportReporter -->
<testsuite hostname="DESKTOP-9HQMH47" failures="0" tests="14" name="TestNg_Assignment.Assignment_141" time="0.069" errors="0" timestamp="2024-05-27T22:37:50 IST" skipped="0">
  <testcase classname="TestNg_Assignment.Assignment_141" name="abc" time="0.004"/>
  <testcase classname="TestNg_Assignment.Assignment_141" name="abc" time="0.003"/>
  <testcase classname="TestNg_Assignment.Assignment_141" name="abc" time="0.005"/>
  <testcase classname="TestNg_Assignment.Assignment_141" name="abc" time="0.002"/>
  <testcase classname="TestNg_Assignment.Assignment_141" name="abc" time="0.003"/>
  <testcase classname="TestNg_Assignment.Assignment_141" name="dfg" time="0.004"/>
  <testcase classname="TestNg_Assignment.Assignment_141" name="xyz" time="0.012"/>
  <testcase classname="TestNg_Assignment.Assignment_141" name="abc" time="0.015"/>
  <testcase classname="TestNg_Assignment.Assignment_141" name="abc" time="0.002"/>
  <testcase classname="TestNg_Assignment.Assignment_141" name="abc" time="0.003"/>
  <testcase classname="TestNg_Assignment.Assignment_141" name="abc" time="0.003"/>
  <testcase classname="TestNg_Assignment.Assignment_141" name="abc" time="0.003"/>
  <testcase classname="TestNg_Assignment.Assignment_141" name="abc" time="0.005"/>
  <testcase classname="TestNg_Assignment.Assignment_141" name="pqr" time="0.005"/>
</testsuite> <!-- TestNg_Assignment.Assignment_141 -->
