<?xml version="1.0" encoding="UTF-8"?>
<!-- Generated by org.testng.reporters.JUnitReportReporter -->
<testsuite hostname="DESKTOP-9HQMH47" failures="0" tests="2" name="TestNg_Class.DataProviders_2" time="10.212" errors="0" timestamp="2024-06-11T21:50:32 IST" skipped="0">
  <testcase classname="TestNg_Class.DataProviders_2" name="Login_in_amazon" time="4.358"/>
  <testcase classname="TestNg_Class.DataProviders_2" name="Login_in_amazon" time="5.854"/>
</testsuite> <!-- TestNg_Class.DataProviders_2 -->
