<?xml version="1.0" encoding="UTF-8"?>
<!-- Generated by org.testng.reporters.JUnitReportReporter -->
<testsuite hostname="DESKTOP-9HQMH47" failures="0" tests="3" name="TestNg_Class.Class8" time="0.044" errors="0" timestamp="2024-05-25T21:34:03 IST" skipped="0">
  <testcase classname="TestNg_Class.Class8" name="abc" time="0.018"/>
  <testcase classname="TestNg_Class.Class8" name="xyz" time="0.019"/>
  <testcase classname="TestNg_Class.Class8" name="uvw" time="0.007"/>
</testsuite> <!-- TestNg_Class.Class8 -->
