<?xml version="1.0" encoding="UTF-8"?>
<!-- Generated by org.testng.reporters.JUnitReportReporter -->
<testsuite hostname="DESKTOP-9HQMH47" failures="0" tests="1" name="Amazonpractice.Tc3" time="21.230" errors="0" timestamp="2024-06-01T12:18:49 IST" skipped="0">
  <testcase classname="Amazonpractice.Tc3" name="Login_Search_Pen_Wishlist_Logout" time="21.230"/>
</testsuite> <!-- Amazonpractice.Tc3 -->
