<?xml version="1.0" encoding="UTF-8"?>
<!-- Generated by org.testng.reporters.JUnitReportReporter -->
<testsuite hostname="DESKTOP-9HQMH47" failures="0" tests="3" name="TestNg_Class.Exclude" time="0.025" errors="0" timestamp="2024-06-10T21:13:01 IST" skipped="0">
  <testcase classname="TestNg_Class.Exclude" name="module" time="0.002"/>
  <testcase classname="TestNg_Class.Exclude" name="addition" time="0.014"/>
  <testcase classname="TestNg_Class.Exclude" name="multiple" time="0.009"/>
</testsuite> <!-- TestNg_Class.Exclude -->
