<?xml version="1.0" encoding="UTF-8"?>
<!-- Generated by org.testng.reporters.JUnitReportReporter -->
<testsuite hostname="DESKTOP-9HQMH47" failures="0" tests="2" name="TestNg_Assignment.Assignment_139" time="0.039" errors="0" timestamp="2024-05-27T21:34:52 IST" skipped="0">
  <testcase classname="TestNg_Assignment.Assignment_139" name="abc" time="0.015"/>
  <testcase classname="TestNg_Assignment.Assignment_139" name="xyz" time="0.024"/>
</testsuite> <!-- TestNg_Assignment.Assignment_139 -->
