<?xml version="1.0" encoding="UTF-8"?>
<!-- Generated by org.testng.reporters.JUnitReportReporter -->
<testsuite hostname="DESKTOP-9HQMH47" failures="0" tests="1" name="TestNg_Class.ParallelTesting" time="12.372" errors="0" timestamp="2024-06-10T22:04:46 IST" skipped="0">
  <testcase classname="TestNg_Class.ParallelTesting" name="Launching_Browser" time="12.372"/>
</testsuite> <!-- TestNg_Class.ParallelTesting -->
