<?xml version="1.0" encoding="UTF-8"?>
<!-- Generated by org.testng.reporters.JUnitReportReporter -->
<testsuite hostname="DESKTOP-9HQMH47" failures="0" tests="1" name="TestNg_Class.Timeout" time="5.176" errors="0" timestamp="2024-07-05T23:30:40 IST" skipped="0">
  <testcase classname="TestNg_Class.Timeout" name="Method2" time="5.176"/>
</testsuite> <!-- TestNg_Class.Timeout -->
