<?xml version="1.0" encoding="UTF-8"?>
<!-- Generated by org.testng.reporters.JUnitReportReporter -->
<testsuite hostname="DESKTOP-9HQMH47" failures="0" tests="3" name="TestNg_Assignment.Assignment_140" time="0.036" errors="0" timestamp="2024-05-27T21:49:47 IST" skipped="0">
  <testcase classname="TestNg_Assignment.Assignment_140" name="Test2" time="0.019"/>
  <testcase classname="TestNg_Assignment.Assignment_140" name="Test1" time="0.012"/>
  <testcase classname="TestNg_Assignment.Assignment_140" name="Test3" time="0.005"/>
</testsuite> <!-- TestNg_Assignment.Assignment_140 -->
