<?xml version="1.0" encoding="UTF-8"?>
<!-- Generated by org.testng.reporters.JUnitReportReporter -->
<testsuite hostname="DESKTOP-9HQMH47" failures="0" tests="1" name="TestNg_Class.Class2" time="4.776" errors="0" timestamp="2024-05-25T18:53:26 IST" skipped="0">
  <testcase classname="TestNg_Class.Class2" name="method2" time="4.776"/>
</testsuite> <!-- TestNg_Class.Class2 -->
