<?xml version="1.0" encoding="UTF-8"?>
<!-- Generated by org.testng.reporters.JUnitReportReporter -->
<testsuite hostname="DESKTOP-9HQMH47" failures="0" tests="10" name="TestNg_Class.DataProviders_1" time="0.067" errors="0" timestamp="2024-06-11T06:54:05 IST" skipped="0">
  <testcase classname="TestNg_Class.DataProviders_1" name="method_for_addition" time="0.005"/>
  <testcase classname="TestNg_Class.DataProviders_1" name="method_for_addition" time="0.007"/>
  <testcase classname="TestNg_Class.DataProviders_1" name="method_for_addition" time="0.020"/>
  <testcase classname="TestNg_Class.DataProviders_1" name="method_for_addition" time="0.005"/>
  <testcase classname="TestNg_Class.DataProviders_1" name="method_for_addition" time="0.005"/>
  <testcase classname="TestNg_Class.DataProviders_1" name="method_for_addition" time="0.002"/>
  <testcase classname="TestNg_Class.DataProviders_1" name="method_for_addition" time="0.002"/>
  <testcase classname="TestNg_Class.DataProviders_1" name="method_for_addition" time="0.007"/>
  <testcase classname="TestNg_Class.DataProviders_1" name="method_for_addition" time="0.012"/>
  <testcase classname="TestNg_Class.DataProviders_1" name="method_for_addition" time="0.002"/>
</testsuite> <!-- TestNg_Class.DataProviders_1 -->
