<?xml version="1.0" encoding="UTF-8"?>
<!-- Generated by org.testng.reporters.JUnitReportReporter -->
<testsuite hostname="DESKTOP-9HQMH47" failures="0" tests="2" name="TestNg_Assignment.Assignment_143" time="0.021" errors="0" timestamp="2024-05-27T22:52:20 IST" skipped="0">
  <testcase classname="TestNg_Assignment.Assignment_143" name="Logout" time="0.003"/>
  <testcase classname="TestNg_Assignment.Assignment_143" name="Login" time="0.018"/>
</testsuite> <!-- TestNg_Assignment.Assignment_143 -->
