<?xml version="1.0" encoding="UTF-8"?>
<!-- Generated by org.testng.reporters.JUnitReportReporter -->
<testsuite hostname="DESKTOP-9HQMH47" failures="0" tests="3" name="TestNg_Class.groups" time="0.022" errors="0" timestamp="2024-06-08T14:46:25 IST" skipped="0">
  <testcase classname="TestNg_Class.groups" name="module" time="0.003"/>
  <testcase classname="TestNg_Class.groups" name="addition" time="0.014"/>
  <testcase classname="TestNg_Class.groups" name="subtraction" time="0.005"/>
</testsuite> <!-- TestNg_Class.groups -->
