<?xml version="1.0" encoding="UTF-8"?>
<!-- Generated by org.testng.reporters.JUnitReportReporter -->
<testsuite hostname="DESKTOP-9HQMH47" failures="0" tests="10" name="TestNg_Class.invocationCount" time="0.043" errors="0" timestamp="2024-05-27T21:51:34 IST" skipped="0">
  <testcase classname="TestNg_Class.invocationCount" name="abc" time="0.002"/>
  <testcase classname="TestNg_Class.invocationCount" name="abc" time="0.001"/>
  <testcase classname="TestNg_Class.invocationCount" name="abc" time="0.004"/>
  <testcase classname="TestNg_Class.invocationCount" name="abc" time="0.001"/>
  <testcase classname="TestNg_Class.invocationCount" name="abc" time="0.003"/>
  <testcase classname="TestNg_Class.invocationCount" name="abc" time="0.004"/>
  <testcase classname="TestNg_Class.invocationCount" name="abc" time="0.006"/>
  <testcase classname="TestNg_Class.invocationCount" name="abc" time="0.003"/>
  <testcase classname="TestNg_Class.invocationCount" name="abc" time="0.004"/>
  <testcase classname="TestNg_Class.invocationCount" name="abc" time="0.015"/>
</testsuite> <!-- TestNg_Class.invocationCount -->
