<?xml version="1.0" encoding="UTF-8"?>
<!-- Generated by org.testng.reporters.JUnitReportReporter -->
<testsuite hostname="DESKTOP-9HQMH47" failures="0" tests="1" name="TestNg_Assignment.Assignment_138" time="0.013" errors="0" timestamp="2024-05-25T19:24:02 IST" skipped="0">
  <testcase classname="TestNg_Assignment.Assignment_138" name="Test" time="0.013"/>
</testsuite> <!-- TestNg_Assignment.Assignment_138 -->
