<?xml version="1.0" encoding="UTF-8"?>
<!-- Generated by org.testng.reporters.JUnitReportReporter -->
<testsuite hostname="DESKTOP-9HQMH47" failures="0" tests="3" name="TestNg_Class.Class7" time="0.030" errors="0" timestamp="2024-05-25T19:45:58 IST" skipped="0">
  <testcase classname="TestNg_Class.Class7" name="login" time="0.007"/>
  <testcase classname="TestNg_Class.Class7" name="xyz" time="0.004"/>
  <testcase classname="TestNg_Class.Class7" name="abc" time="0.019"/>
</testsuite> <!-- TestNg_Class.Class7 -->
