<?xml version="1.0" encoding="UTF-8"?>
<!-- Generated by org.testng.reporters.JUnitReportReporter -->
<testsuite hostname="DESKTOP-9HQMH47" failures="0" tests="1" name="Amazonpractice.Tc2" time="22.500" errors="0" timestamp="2024-06-01T12:18:49 IST" skipped="0">
  <testcase classname="Amazonpractice.Tc2" name="Login_Search_Pen_Logout" time="22.500"/>
</testsuite> <!-- Amazonpractice.Tc2 -->
